<?xml version="1.0" encoding="UTF-8"?>
<!-- Generated by org.testng.reporters.JUnitReportReporter -->
<testsuite hostname="BLTSL00881" failures="0" tests="1" name="frameworkpractice.seleniumframework.homePage" time="35.008" errors="0" timestamp="2022-08-05T13:47:40 IST" skipped="0">
  <testcase classname="frameworkpractice.seleniumframework.homePage" name="basepagenavigation" time="35.008"/>
  <system-out/>
</testsuite> <!-- frameworkpractice.seleniumframework.homePage -->
